<?xml version="1.0" encoding="UTF-8"?>
<!-- Generated by org.testng.reporters.JUnitReportReporter -->
<testsuite hostname="Gopimanisri" failures="0" tests="1" name="E2E.ValidateNavigationBar" time="0.268" errors="0" timestamp="20 Oct 2021 05:33:39 GMT">
  <testcase classname="E2E.ValidateNavigationBar" name="ValidateAppNavigationBar" time="0.268"/>
</testsuite> <!-- E2E.ValidateNavigationBar -->
